<?xml version="1.0" encoding="UTF-8"?>
<!-- Generated by org.testng.reporters.JUnitXMLReporter -->
<testsuite hostname="DESKTOP-8UK5MOB" name="AllureTest" tests="3" failures="1" timestamp="11 Sep 2020 09:41:25 GMT" time="14.33" errors="0">
  <testcase name="logoTest" time="0.377" classname="allureTestReport.AllureTest"/>
  <testcase name="loginTest" time="2.171" classname="allureTestReport.AllureTest">
    <failure type="junit.framework.ComparisonFailure" message="expected:&amp;lt;...pCommerce demo store[. Login]&amp;gt; but was:&amp;lt;...pCommerce demo store[123]&amp;gt;">
      <![CDATA[junit.framework.ComparisonFailure: expected:<...pCommerce demo store[. Login]> but was:<...pCommerce demo store[123]>
	at junit.framework.Assert.assertEquals(Assert.java:85)
	at junit.framework.Assert.assertEquals(Assert.java:91)
	at allureTestReport.AllureTest.loginTest(AllureTest.java:33)
... Removed 24 stack frames]]>
    </failure>
  </testcase> <!-- loginTest -->
  <testcase name="skipTest" time="0.005" classname="allureTestReport.AllureTest">
    <skipped/>
  </testcase> <!-- skipTest -->
</testsuite> <!-- AllureTest -->
